{"name":"Login with Blank Credentials","id":"login-to-srk;login-with-blank-credentials","testSteps":[{"number":1,"description":"1: Login with Blank Credentials ({username_blank\u003dppd, password_blank\u003d123})","duration":24293,"startTime":"2023-03-25T12:33:24.589912100+05:30[Asia/Calcutta]","precondition":false,"level":0,"lineNumber":31,"children":[{"number":2,"description":"Given User will get on this Homepage","duration":18549,"startTime":"2023-03-25T12:33:24.595908400+05:30[Asia/Calcutta]","result":"SUCCESS","precondition":false,"level":1},{"number":3,"description":"When User will enters name as \"ppd\"","duration":142,"startTime":"2023-03-25T12:33:43.150943300+05:30[Asia/Calcutta]","result":"SUCCESS","precondition":false,"level":1,"children":[{"number":4,"description":"Enter the Username","duration":130,"startTime":"2023-03-25T12:33:43.156940500+05:30[Asia/Calcutta]","result":"SUCCESS","precondition":false,"level":2}]},{"number":5,"description":"And User will enters Pass as \"123\"","duration":5582,"startTime":"2023-03-25T12:33:43.298859400+05:30[Asia/Calcutta]","exception":{"errorType":"net.thucydides.core.webdriver.exceptions.ElementShouldBeEnabledException","message":"Expected enabled element was not enabled\nBuild info: version: \u00274.8.0\u0027, revision: \u0027267030adea\u0027\nSystem info: os.name: \u0027Windows 10\u0027, os.arch: \u0027amd64\u0027, os.version: \u002710.0\u0027, java.version: \u002711.0.18\u0027\nDriver info: driver.version: unknown","stackTrace":[{"declaringClass":"support.StepLoginRequiredPage","methodName":"blankclickLogin","fileName":"StepLoginRequiredPage.java","lineNumber":24},{"declaringClass":"StepDefinition.LoginPageDefinitions","methodName":"user_will_passowrd","fileName":"LoginPageDefinitions.java","lineNumber":96},{"declaringClass":"✽","methodName":"User will enters Pass as \"123\"","fileName":"file:///C:/Users/Karan.Prajapati/Downloads/SerinityDemo%20(2)/Exam2503/src/test/resources/Features/Login.feature","lineNumber":27}]},"result":"FAILURE","precondition":false,"level":1,"lineNumber":31,"children":[{"number":6,"description":"Enter the Password","duration":201,"startTime":"2023-03-25T12:33:43.305855600+05:30[Asia/Calcutta]","result":"SUCCESS","precondition":false,"level":2},{"number":7,"description":"Click the Submit Button","duration":5287,"startTime":"2023-03-25T12:33:43.510738100+05:30[Asia/Calcutta]","screenshots":[{"screenshot":"79bbd1ef15cc493f79116d53c01947932b71d5b53f94bd23ecb01f305ad40ccc.png","htmlSource":"pagesource3729507186950307661.html","timeStamp":1679727828795,"screenshotName":"79bbd1ef15cc493f79116d53c01947932b71d5b53f94bd23ecb01f305ad40ccc.png"}],"exception":{"errorType":"net.thucydides.core.webdriver.exceptions.ElementShouldBeEnabledException","message":"Expected enabled element was not enabled","stackTrace":[{"declaringClass":"support.StepLoginRequiredPage","methodName":"blankclickLogin","fileName":"StepLoginRequiredPage.java","lineNumber":24},{"declaringClass":"StepDefinition.LoginPageDefinitions","methodName":"user_will_passowrd","fileName":"LoginPageDefinitions.java","lineNumber":96},{"declaringClass":"io.cucumber.java.Invoker","methodName":"doInvoke","fileName":"Invoker.java","lineNumber":66},{"declaringClass":"io.cucumber.java.Invoker","methodName":"invoke","fileName":"Invoker.java","lineNumber":24},{"declaringClass":"io.cucumber.java.AbstractGlueDefinition","methodName":"invokeMethod","fileName":"AbstractGlueDefinition.java","lineNumber":47},{"declaringClass":"io.cucumber.java.JavaStepDefinition","methodName":"execute","fileName":"JavaStepDefinition.java","lineNumber":29},{"declaringClass":"io.cucumber.core.runner.CoreStepDefinition","methodName":"execute","fileName":"CoreStepDefinition.java","lineNumber":66},{"declaringClass":"io.cucumber.core.runner.PickleStepDefinitionMatch","methodName":"runStep","fileName":"PickleStepDefinitionMatch.java","lineNumber":63},{"declaringClass":"io.cucumber.core.runner.TestStep","methodName":"executeStep","fileName":"TestStep.java","lineNumber":84},{"declaringClass":"io.cucumber.core.runner.TestStep","methodName":"run","fileName":"TestStep.java","lineNumber":56},{"declaringClass":"io.cucumber.core.runner.PickleStepTestStep","methodName":"run","fileName":"PickleStepTestStep.java","lineNumber":51},{"declaringClass":"io.cucumber.core.runner.TestCase","methodName":"run","fileName":"TestCase.java","lineNumber":84},{"declaringClass":"io.cucumber.core.runner.Runner","methodName":"runPickle","fileName":"Runner.java","lineNumber":75},{"declaringClass":"io.cucumber.core.runtime.CucumberExecutionContext","methodName":"lambda$runTestCase$5","fileName":"CucumberExecutionContext.java","lineNumber":130},{"declaringClass":"io.cucumber.core.runtime.RethrowingThrowableCollector","methodName":"executeAndThrow","fileName":"RethrowingThrowableCollector.java","lineNumber":23},{"declaringClass":"io.cucumber.core.runtime.CucumberExecutionContext","methodName":"runTestCase","fileName":"CucumberExecutionContext.java","lineNumber":130},{"declaringClass":"io.cucumber.junit.FeatureRunner","methodName":"runChild","fileName":"FeatureRunner.java","lineNumber":144},{"declaringClass":"io.cucumber.junit.FeatureRunner","methodName":"runChild","fileName":"FeatureRunner.java","lineNumber":28},{"declaringClass":"io.cucumber.junit.FeatureRunner","methodName":"run","fileName":"FeatureRunner.java","lineNumber":137},{"declaringClass":"io.cucumber.junit.CucumberSerenityRunner","methodName":"runChild","fileName":"CucumberSerenityRunner.java","lineNumber":259},{"declaringClass":"io.cucumber.junit.CucumberSerenityRunner","methodName":"runChild","fileName":"CucumberSerenityRunner.java","lineNumber":59}],"rootCause":{"errorType":"org.openqa.selenium.TimeoutException","message":"Expected condition failed: waiting for By.xpath: //span[contains(text(),\u0027Login\u0027)]] to be enabled (tried for 5 second(s) with 100 milliseconds interval)","stackTrace":[{"declaringClass":"support.StepLoginRequiredPage","methodName":"blankclickLogin","fileName":"StepLoginRequiredPage.java","lineNumber":24},{"declaringClass":"StepDefinition.LoginPageDefinitions","methodName":"user_will_passowrd","fileName":"LoginPageDefinitions.java","lineNumber":96},{"declaringClass":"io.cucumber.java.Invoker","methodName":"doInvoke","fileName":"Invoker.java","lineNumber":66},{"declaringClass":"io.cucumber.java.Invoker","methodName":"invoke","fileName":"Invoker.java","lineNumber":24},{"declaringClass":"io.cucumber.java.AbstractGlueDefinition","methodName":"invokeMethod","fileName":"AbstractGlueDefinition.java","lineNumber":47},{"declaringClass":"io.cucumber.java.JavaStepDefinition","methodName":"execute","fileName":"JavaStepDefinition.java","lineNumber":29},{"declaringClass":"io.cucumber.core.runner.CoreStepDefinition","methodName":"execute","fileName":"CoreStepDefinition.java","lineNumber":66},{"declaringClass":"io.cucumber.core.runner.PickleStepDefinitionMatch","methodName":"runStep","fileName":"PickleStepDefinitionMatch.java","lineNumber":63},{"declaringClass":"io.cucumber.core.runner.TestStep","methodName":"executeStep","fileName":"TestStep.java","lineNumber":84},{"declaringClass":"io.cucumber.core.runner.TestStep","methodName":"run","fileName":"TestStep.java","lineNumber":56},{"declaringClass":"io.cucumber.core.runner.PickleStepTestStep","methodName":"run","fileName":"PickleStepTestStep.java","lineNumber":51},{"declaringClass":"io.cucumber.core.runner.TestCase","methodName":"run","fileName":"TestCase.java","lineNumber":84},{"declaringClass":"io.cucumber.core.runner.Runner","methodName":"runPickle","fileName":"Runner.java","lineNumber":75},{"declaringClass":"io.cucumber.core.runtime.CucumberExecutionContext","methodName":"lambda$runTestCase$5","fileName":"CucumberExecutionContext.java","lineNumber":130},{"declaringClass":"io.cucumber.core.runtime.RethrowingThrowableCollector","methodName":"executeAndThrow","fileName":"RethrowingThrowableCollector.java","lineNumber":23},{"declaringClass":"io.cucumber.core.runtime.CucumberExecutionContext","methodName":"runTestCase","fileName":"CucumberExecutionContext.java","lineNumber":130},{"declaringClass":"io.cucumber.junit.FeatureRunner","methodName":"runChild","fileName":"FeatureRunner.java","lineNumber":144},{"declaringClass":"io.cucumber.junit.FeatureRunner","methodName":"runChild","fileName":"FeatureRunner.java","lineNumber":28},{"declaringClass":"io.cucumber.junit.FeatureRunner","methodName":"run","fileName":"FeatureRunner.java","lineNumber":137},{"declaringClass":"io.cucumber.junit.CucumberSerenityRunner","methodName":"runChild","fileName":"CucumberSerenityRunner.java","lineNumber":259},{"declaringClass":"io.cucumber.junit.CucumberSerenityRunner","methodName":"runChild","fileName":"CucumberSerenityRunner.java","lineNumber":59}],"rootCause":{"errorType":"org.openqa.selenium.InvalidSelectorException","message":"invalid selector: Unable to locate an element with the xpath expression //span[contains(text(),\u0027Login\u0027)]] because of the following error:\nSyntaxError: Failed to execute \u0027evaluate\u0027 on \u0027Document\u0027: The string \u0027//span[contains(text(),\u0027Login\u0027)]]\u0027 is not a valid XPath expression.\n  (Session info: chrome\u003d111.0.5563.111)\nFor documentation on this error, please visit: https://selenium.dev/exceptions/#invalid_selector_exception\nBuild info: version: \u00274.8.0\u0027, revision: \u0027267030adea\u0027\nSystem info: os.name: \u0027Windows 10\u0027, os.arch: \u0027amd64\u0027, os.version: \u002710.0\u0027, java.version: \u002711.0.18\u0027\nDriver info: org.openqa.selenium.chrome.ChromeDriver\nCommand: [bf1be50a1ff15311cca655635254dbd9, findElement {using\u003dxpath, value\u003d//span[contains(text(),\u0027Login\u0027)]]}]\nCapabilities {acceptInsecureCerts: true, browserName: chrome, browserVersion: 111.0.5563.111, chrome: {chromedriverVersion: 111.0.5563.64 (c710e93d5b63..., userDataDir: C:\\Users\\KARAN~1.PRA\\AppDat...}, goog:chromeOptions: {debuggerAddress: localhost:58031}, networkConnectionEnabled: false, pageLoadStrategy: normal, platformName: WINDOWS, proxy: Proxy(), se:cdp: ws://localhost:58031/devtoo..., se:cdpVersion: 111.0.5563.111, setWindowRect: true, strictFileInteractability: false, timeouts: {implicit: 0, pageLoad: 300000, script: 30000}, unhandledPromptBehavior: dismiss and notify, webauthn:extension:credBlob: true, webauthn:extension:largeBlob: true, webauthn:extension:minPinLength: true, webauthn:extension:prf: true, webauthn:virtualAuthenticators: true}\nSession ID: bf1be50a1ff15311cca655635254dbd9","stackTrace":[{"declaringClass":"support.StepLoginRequiredPage","methodName":"blankclickLogin","fileName":"StepLoginRequiredPage.java","lineNumber":24},{"declaringClass":"StepDefinition.LoginPageDefinitions","methodName":"user_will_passowrd","fileName":"LoginPageDefinitions.java","lineNumber":96},{"declaringClass":"io.cucumber.java.Invoker","methodName":"doInvoke","fileName":"Invoker.java","lineNumber":66},{"declaringClass":"io.cucumber.java.Invoker","methodName":"invoke","fileName":"Invoker.java","lineNumber":24},{"declaringClass":"io.cucumber.java.AbstractGlueDefinition","methodName":"invokeMethod","fileName":"AbstractGlueDefinition.java","lineNumber":47},{"declaringClass":"io.cucumber.java.JavaStepDefinition","methodName":"execute","fileName":"JavaStepDefinition.java","lineNumber":29},{"declaringClass":"io.cucumber.core.runner.CoreStepDefinition","methodName":"execute","fileName":"CoreStepDefinition.java","lineNumber":66},{"declaringClass":"io.cucumber.core.runner.PickleStepDefinitionMatch","methodName":"runStep","fileName":"PickleStepDefinitionMatch.java","lineNumber":63},{"declaringClass":"io.cucumber.core.runner.TestStep","methodName":"executeStep","fileName":"TestStep.java","lineNumber":84},{"declaringClass":"io.cucumber.core.runner.TestStep","methodName":"run","fileName":"TestStep.java","lineNumber":56},{"declaringClass":"io.cucumber.core.runner.PickleStepTestStep","methodName":"run","fileName":"PickleStepTestStep.java","lineNumber":51},{"declaringClass":"io.cucumber.core.runner.TestCase","methodName":"run","fileName":"TestCase.java","lineNumber":84},{"declaringClass":"io.cucumber.core.runner.Runner","methodName":"runPickle","fileName":"Runner.java","lineNumber":75},{"declaringClass":"io.cucumber.core.runtime.CucumberExecutionContext","methodName":"lambda$runTestCase$5","fileName":"CucumberExecutionContext.java","lineNumber":130},{"declaringClass":"io.cucumber.core.runtime.RethrowingThrowableCollector","methodName":"executeAndThrow","fileName":"RethrowingThrowableCollector.java","lineNumber":23},{"declaringClass":"io.cucumber.core.runtime.CucumberExecutionContext","methodName":"runTestCase","fileName":"CucumberExecutionContext.java","lineNumber":130},{"declaringClass":"io.cucumber.junit.FeatureRunner","methodName":"runChild","fileName":"FeatureRunner.java","lineNumber":144},{"declaringClass":"io.cucumber.junit.FeatureRunner","methodName":"runChild","fileName":"FeatureRunner.java","lineNumber":28},{"declaringClass":"io.cucumber.junit.FeatureRunner","methodName":"run","fileName":"FeatureRunner.java","lineNumber":137},{"declaringClass":"io.cucumber.junit.CucumberSerenityRunner","methodName":"runChild","fileName":"CucumberSerenityRunner.java","lineNumber":259},{"declaringClass":"io.cucumber.junit.CucumberSerenityRunner","methodName":"runChild","fileName":"CucumberSerenityRunner.java","lineNumber":59}]}}},"result":"FAILURE","precondition":false,"level":2},{"number":8,"description":"Then User will get errors \"ppd\" and \"123\"","duration":19,"startTime":"2023-03-25T12:33:48.816077700+05:30[Asia/Calcutta]","result":"SKIPPED","precondition":false,"level":2}]}]},{"number":9,"description":"2: Login with Blank Credentials ({username_blank\u003d123, password_blank\u003dadmin123})","duration":17999,"startTime":"2023-03-25T12:33:50.909876900+05:30[Asia/Calcutta]","precondition":false,"level":0,"lineNumber":32,"children":[{"number":10,"description":"Given User will get on this Homepage","duration":12236,"startTime":"2023-03-25T12:33:50.914874600+05:30[Asia/Calcutta]","result":"SUCCESS","precondition":false,"level":1},{"number":11,"description":"When User will enters name as \"123\"","duration":155,"startTime":"2023-03-25T12:34:03.158811600+05:30[Asia/Calcutta]","result":"SUCCESS","precondition":false,"level":1,"children":[{"number":12,"description":"Enter the Username","duration":138,"startTime":"2023-03-25T12:34:03.167805900+05:30[Asia/Calcutta]","result":"SUCCESS","precondition":false,"level":2}]},{"number":13,"description":"And User will enters Pass as \"admin123\"","duration":5589,"startTime":"2023-03-25T12:34:03.317719600+05:30[Asia/Calcutta]","exception":{"errorType":"net.thucydides.core.webdriver.exceptions.ElementShouldBeEnabledException","message":"Expected enabled element was not enabled\nBuild info: version: \u00274.8.0\u0027, revision: \u0027267030adea\u0027\nSystem info: os.name: \u0027Windows 10\u0027, os.arch: \u0027amd64\u0027, os.version: \u002710.0\u0027, java.version: \u002711.0.18\u0027\nDriver info: driver.version: unknown","stackTrace":[{"declaringClass":"support.StepLoginRequiredPage","methodName":"blankclickLogin","fileName":"StepLoginRequiredPage.java","lineNumber":24},{"declaringClass":"StepDefinition.LoginPageDefinitions","methodName":"user_will_passowrd","fileName":"LoginPageDefinitions.java","lineNumber":96},{"declaringClass":"✽","methodName":"User will enters Pass as \"admin123\"","fileName":"file:///C:/Users/Karan.Prajapati/Downloads/SerinityDemo%20(2)/Exam2503/src/test/resources/Features/Login.feature","lineNumber":27}]},"result":"FAILURE","precondition":false,"level":1,"lineNumber":32,"children":[{"number":14,"description":"Enter the Password","duration":233,"startTime":"2023-03-25T12:34:03.324717600+05:30[Asia/Calcutta]","result":"SUCCESS","precondition":false,"level":2},{"number":15,"description":"Click the Submit Button","duration":5278,"startTime":"2023-03-25T12:34:03.560580800+05:30[Asia/Calcutta]","screenshots":[{"screenshot":"f3293da10de9a7fe47a6920751824f758ce50fa7b12fe57e3e44343db826ac1d.png","htmlSource":"pagesource9862077008206752528.html","timeStamp":1679727848834,"screenshotName":"f3293da10de9a7fe47a6920751824f758ce50fa7b12fe57e3e44343db826ac1d.png"}],"exception":{"errorType":"net.thucydides.core.webdriver.exceptions.ElementShouldBeEnabledException","message":"Expected enabled element was not enabled","stackTrace":[{"declaringClass":"support.StepLoginRequiredPage","methodName":"blankclickLogin","fileName":"StepLoginRequiredPage.java","lineNumber":24},{"declaringClass":"StepDefinition.LoginPageDefinitions","methodName":"user_will_passowrd","fileName":"LoginPageDefinitions.java","lineNumber":96},{"declaringClass":"io.cucumber.java.Invoker","methodName":"doInvoke","fileName":"Invoker.java","lineNumber":66},{"declaringClass":"io.cucumber.java.Invoker","methodName":"invoke","fileName":"Invoker.java","lineNumber":24},{"declaringClass":"io.cucumber.java.AbstractGlueDefinition","methodName":"invokeMethod","fileName":"AbstractGlueDefinition.java","lineNumber":47},{"declaringClass":"io.cucumber.java.JavaStepDefinition","methodName":"execute","fileName":"JavaStepDefinition.java","lineNumber":29},{"declaringClass":"io.cucumber.core.runner.CoreStepDefinition","methodName":"execute","fileName":"CoreStepDefinition.java","lineNumber":66},{"declaringClass":"io.cucumber.core.runner.PickleStepDefinitionMatch","methodName":"runStep","fileName":"PickleStepDefinitionMatch.java","lineNumber":63},{"declaringClass":"io.cucumber.core.runner.TestStep","methodName":"executeStep","fileName":"TestStep.java","lineNumber":84},{"declaringClass":"io.cucumber.core.runner.TestStep","methodName":"run","fileName":"TestStep.java","lineNumber":56},{"declaringClass":"io.cucumber.core.runner.PickleStepTestStep","methodName":"run","fileName":"PickleStepTestStep.java","lineNumber":51},{"declaringClass":"io.cucumber.core.runner.TestCase","methodName":"run","fileName":"TestCase.java","lineNumber":84},{"declaringClass":"io.cucumber.core.runner.Runner","methodName":"runPickle","fileName":"Runner.java","lineNumber":75},{"declaringClass":"io.cucumber.core.runtime.CucumberExecutionContext","methodName":"lambda$runTestCase$5","fileName":"CucumberExecutionContext.java","lineNumber":130},{"declaringClass":"io.cucumber.core.runtime.RethrowingThrowableCollector","methodName":"executeAndThrow","fileName":"RethrowingThrowableCollector.java","lineNumber":23},{"declaringClass":"io.cucumber.core.runtime.CucumberExecutionContext","methodName":"runTestCase","fileName":"CucumberExecutionContext.java","lineNumber":130},{"declaringClass":"io.cucumber.junit.FeatureRunner","methodName":"runChild","fileName":"FeatureRunner.java","lineNumber":144},{"declaringClass":"io.cucumber.junit.FeatureRunner","methodName":"runChild","fileName":"FeatureRunner.java","lineNumber":28},{"declaringClass":"io.cucumber.junit.FeatureRunner","methodName":"run","fileName":"FeatureRunner.java","lineNumber":137},{"declaringClass":"io.cucumber.junit.CucumberSerenityRunner","methodName":"runChild","fileName":"CucumberSerenityRunner.java","lineNumber":259},{"declaringClass":"io.cucumber.junit.CucumberSerenityRunner","methodName":"runChild","fileName":"CucumberSerenityRunner.java","lineNumber":59}],"rootCause":{"errorType":"org.openqa.selenium.TimeoutException","message":"Expected condition failed: waiting for By.xpath: //span[contains(text(),\u0027Login\u0027)]] to be enabled (tried for 5 second(s) with 100 milliseconds interval)","stackTrace":[{"declaringClass":"support.StepLoginRequiredPage","methodName":"blankclickLogin","fileName":"StepLoginRequiredPage.java","lineNumber":24},{"declaringClass":"StepDefinition.LoginPageDefinitions","methodName":"user_will_passowrd","fileName":"LoginPageDefinitions.java","lineNumber":96},{"declaringClass":"io.cucumber.java.Invoker","methodName":"doInvoke","fileName":"Invoker.java","lineNumber":66},{"declaringClass":"io.cucumber.java.Invoker","methodName":"invoke","fileName":"Invoker.java","lineNumber":24},{"declaringClass":"io.cucumber.java.AbstractGlueDefinition","methodName":"invokeMethod","fileName":"AbstractGlueDefinition.java","lineNumber":47},{"declaringClass":"io.cucumber.java.JavaStepDefinition","methodName":"execute","fileName":"JavaStepDefinition.java","lineNumber":29},{"declaringClass":"io.cucumber.core.runner.CoreStepDefinition","methodName":"execute","fileName":"CoreStepDefinition.java","lineNumber":66},{"declaringClass":"io.cucumber.core.runner.PickleStepDefinitionMatch","methodName":"runStep","fileName":"PickleStepDefinitionMatch.java","lineNumber":63},{"declaringClass":"io.cucumber.core.runner.TestStep","methodName":"executeStep","fileName":"TestStep.java","lineNumber":84},{"declaringClass":"io.cucumber.core.runner.TestStep","methodName":"run","fileName":"TestStep.java","lineNumber":56},{"declaringClass":"io.cucumber.core.runner.PickleStepTestStep","methodName":"run","fileName":"PickleStepTestStep.java","lineNumber":51},{"declaringClass":"io.cucumber.core.runner.TestCase","methodName":"run","fileName":"TestCase.java","lineNumber":84},{"declaringClass":"io.cucumber.core.runner.Runner","methodName":"runPickle","fileName":"Runner.java","lineNumber":75},{"declaringClass":"io.cucumber.core.runtime.CucumberExecutionContext","methodName":"lambda$runTestCase$5","fileName":"CucumberExecutionContext.java","lineNumber":130},{"declaringClass":"io.cucumber.core.runtime.RethrowingThrowableCollector","methodName":"executeAndThrow","fileName":"RethrowingThrowableCollector.java","lineNumber":23},{"declaringClass":"io.cucumber.core.runtime.CucumberExecutionContext","methodName":"runTestCase","fileName":"CucumberExecutionContext.java","lineNumber":130},{"declaringClass":"io.cucumber.junit.FeatureRunner","methodName":"runChild","fileName":"FeatureRunner.java","lineNumber":144},{"declaringClass":"io.cucumber.junit.FeatureRunner","methodName":"runChild","fileName":"FeatureRunner.java","lineNumber":28},{"declaringClass":"io.cucumber.junit.FeatureRunner","methodName":"run","fileName":"FeatureRunner.java","lineNumber":137},{"declaringClass":"io.cucumber.junit.CucumberSerenityRunner","methodName":"runChild","fileName":"CucumberSerenityRunner.java","lineNumber":259},{"declaringClass":"io.cucumber.junit.CucumberSerenityRunner","methodName":"runChild","fileName":"CucumberSerenityRunner.java","lineNumber":59}],"rootCause":{"errorType":"org.openqa.selenium.InvalidSelectorException","message":"invalid selector: Unable to locate an element with the xpath expression //span[contains(text(),\u0027Login\u0027)]] because of the following error:\nSyntaxError: Failed to execute \u0027evaluate\u0027 on \u0027Document\u0027: The string \u0027//span[contains(text(),\u0027Login\u0027)]]\u0027 is not a valid XPath expression.\n  (Session info: chrome\u003d111.0.5563.111)\nFor documentation on this error, please visit: https://selenium.dev/exceptions/#invalid_selector_exception\nBuild info: version: \u00274.8.0\u0027, revision: \u0027267030adea\u0027\nSystem info: os.name: \u0027Windows 10\u0027, os.arch: \u0027amd64\u0027, os.version: \u002710.0\u0027, java.version: \u002711.0.18\u0027\nDriver info: org.openqa.selenium.chrome.ChromeDriver\nCommand: [dfe5a9dc73e6a1de170239c003ee5a72, findElement {using\u003dxpath, value\u003d//span[contains(text(),\u0027Login\u0027)]]}]\nCapabilities {acceptInsecureCerts: true, browserName: chrome, browserVersion: 111.0.5563.111, chrome: {chromedriverVersion: 111.0.5563.64 (c710e93d5b63..., userDataDir: C:\\Users\\KARAN~1.PRA\\AppDat...}, goog:chromeOptions: {debuggerAddress: localhost:58085}, networkConnectionEnabled: false, pageLoadStrategy: normal, platformName: WINDOWS, proxy: Proxy(), se:cdp: ws://localhost:58085/devtoo..., se:cdpVersion: 111.0.5563.111, setWindowRect: true, strictFileInteractability: false, timeouts: {implicit: 0, pageLoad: 300000, script: 30000}, unhandledPromptBehavior: dismiss and notify, webauthn:extension:credBlob: true, webauthn:extension:largeBlob: true, webauthn:extension:minPinLength: true, webauthn:extension:prf: true, webauthn:virtualAuthenticators: true}\nSession ID: dfe5a9dc73e6a1de170239c003ee5a72","stackTrace":[{"declaringClass":"support.StepLoginRequiredPage","methodName":"blankclickLogin","fileName":"StepLoginRequiredPage.java","lineNumber":24},{"declaringClass":"StepDefinition.LoginPageDefinitions","methodName":"user_will_passowrd","fileName":"LoginPageDefinitions.java","lineNumber":96},{"declaringClass":"io.cucumber.java.Invoker","methodName":"doInvoke","fileName":"Invoker.java","lineNumber":66},{"declaringClass":"io.cucumber.java.Invoker","methodName":"invoke","fileName":"Invoker.java","lineNumber":24},{"declaringClass":"io.cucumber.java.AbstractGlueDefinition","methodName":"invokeMethod","fileName":"AbstractGlueDefinition.java","lineNumber":47},{"declaringClass":"io.cucumber.java.JavaStepDefinition","methodName":"execute","fileName":"JavaStepDefinition.java","lineNumber":29},{"declaringClass":"io.cucumber.core.runner.CoreStepDefinition","methodName":"execute","fileName":"CoreStepDefinition.java","lineNumber":66},{"declaringClass":"io.cucumber.core.runner.PickleStepDefinitionMatch","methodName":"runStep","fileName":"PickleStepDefinitionMatch.java","lineNumber":63},{"declaringClass":"io.cucumber.core.runner.TestStep","methodName":"executeStep","fileName":"TestStep.java","lineNumber":84},{"declaringClass":"io.cucumber.core.runner.TestStep","methodName":"run","fileName":"TestStep.java","lineNumber":56},{"declaringClass":"io.cucumber.core.runner.PickleStepTestStep","methodName":"run","fileName":"PickleStepTestStep.java","lineNumber":51},{"declaringClass":"io.cucumber.core.runner.TestCase","methodName":"run","fileName":"TestCase.java","lineNumber":84},{"declaringClass":"io.cucumber.core.runner.Runner","methodName":"runPickle","fileName":"Runner.java","lineNumber":75},{"declaringClass":"io.cucumber.core.runtime.CucumberExecutionContext","methodName":"lambda$runTestCase$5","fileName":"CucumberExecutionContext.java","lineNumber":130},{"declaringClass":"io.cucumber.core.runtime.RethrowingThrowableCollector","methodName":"executeAndThrow","fileName":"RethrowingThrowableCollector.java","lineNumber":23},{"declaringClass":"io.cucumber.core.runtime.CucumberExecutionContext","methodName":"runTestCase","fileName":"CucumberExecutionContext.java","lineNumber":130},{"declaringClass":"io.cucumber.junit.FeatureRunner","methodName":"runChild","fileName":"FeatureRunner.java","lineNumber":144},{"declaringClass":"io.cucumber.junit.FeatureRunner","methodName":"runChild","fileName":"FeatureRunner.java","lineNumber":28},{"declaringClass":"io.cucumber.junit.FeatureRunner","methodName":"run","fileName":"FeatureRunner.java","lineNumber":137},{"declaringClass":"io.cucumber.junit.CucumberSerenityRunner","methodName":"runChild","fileName":"CucumberSerenityRunner.java","lineNumber":259},{"declaringClass":"io.cucumber.junit.CucumberSerenityRunner","methodName":"runChild","fileName":"CucumberSerenityRunner.java","lineNumber":59}]}}},"result":"FAILURE","precondition":false,"level":2},{"number":16,"description":"Then User will get errors \"123\" and \"admin123\"","duration":18,"startTime":"2023-03-25T12:34:08.864466200+05:30[Asia/Calcutta]","result":"SKIPPED","precondition":false,"level":2}]}]},{"number":17,"description":"3: Login with Blank Credentials ({username_blank\u003dAdmin, password_blank\u003d111})","duration":16528,"startTime":"2023-03-25T12:34:10.468547100+05:30[Asia/Calcutta]","precondition":false,"level":0,"lineNumber":33,"children":[{"number":18,"description":"Given User will get on this Homepage","duration":10825,"startTime":"2023-03-25T12:34:10.472544800+05:30[Asia/Calcutta]","result":"SUCCESS","precondition":false,"level":1},{"number":19,"description":"When User will enters name as \"Admin\"","duration":226,"startTime":"2023-03-25T12:34:21.306480600+05:30[Asia/Calcutta]","result":"SUCCESS","precondition":false,"level":1,"children":[{"number":20,"description":"Enter the Username","duration":208,"startTime":"2023-03-25T12:34:21.321472500+05:30[Asia/Calcutta]","result":"SUCCESS","precondition":false,"level":2}]},{"number":21,"description":"And User will enters Pass as \"111\"","duration":5458,"startTime":"2023-03-25T12:34:21.537346300+05:30[Asia/Calcutta]","exception":{"errorType":"net.thucydides.core.webdriver.exceptions.ElementShouldBeEnabledException","message":"Expected enabled element was not enabled\nBuild info: version: \u00274.8.0\u0027, revision: \u0027267030adea\u0027\nSystem info: os.name: \u0027Windows 10\u0027, os.arch: \u0027amd64\u0027, os.version: \u002710.0\u0027, java.version: \u002711.0.18\u0027\nDriver info: driver.version: unknown","stackTrace":[{"declaringClass":"support.StepLoginRequiredPage","methodName":"blankclickLogin","fileName":"StepLoginRequiredPage.java","lineNumber":24},{"declaringClass":"StepDefinition.LoginPageDefinitions","methodName":"user_will_passowrd","fileName":"LoginPageDefinitions.java","lineNumber":96},{"declaringClass":"✽","methodName":"User will enters Pass as \"111\"","fileName":"file:///C:/Users/Karan.Prajapati/Downloads/SerinityDemo%20(2)/Exam2503/src/test/resources/Features/Login.feature","lineNumber":27}]},"result":"FAILURE","precondition":false,"level":1,"lineNumber":33,"children":[{"number":22,"description":"Enter the Password","duration":230,"startTime":"2023-03-25T12:34:21.541344600+05:30[Asia/Calcutta]","result":"SUCCESS","precondition":false,"level":2},{"number":23,"description":"Click the Submit Button","duration":5179,"startTime":"2023-03-25T12:34:21.774210800+05:30[Asia/Calcutta]","screenshots":[{"screenshot":"ea3cfe4b487e6bdf0ffb8efac1c3eaac52df188ea24fdbf2e693d6adc8bc4a97.png","htmlSource":"pagesource8753966627706312187.html","timeStamp":1679727866949,"screenshotName":"ea3cfe4b487e6bdf0ffb8efac1c3eaac52df188ea24fdbf2e693d6adc8bc4a97.png"}],"exception":{"errorType":"net.thucydides.core.webdriver.exceptions.ElementShouldBeEnabledException","message":"Expected enabled element was not enabled","stackTrace":[{"declaringClass":"support.StepLoginRequiredPage","methodName":"blankclickLogin","fileName":"StepLoginRequiredPage.java","lineNumber":24},{"declaringClass":"StepDefinition.LoginPageDefinitions","methodName":"user_will_passowrd","fileName":"LoginPageDefinitions.java","lineNumber":96},{"declaringClass":"io.cucumber.java.Invoker","methodName":"doInvoke","fileName":"Invoker.java","lineNumber":66},{"declaringClass":"io.cucumber.java.Invoker","methodName":"invoke","fileName":"Invoker.java","lineNumber":24},{"declaringClass":"io.cucumber.java.AbstractGlueDefinition","methodName":"invokeMethod","fileName":"AbstractGlueDefinition.java","lineNumber":47},{"declaringClass":"io.cucumber.java.JavaStepDefinition","methodName":"execute","fileName":"JavaStepDefinition.java","lineNumber":29},{"declaringClass":"io.cucumber.core.runner.CoreStepDefinition","methodName":"execute","fileName":"CoreStepDefinition.java","lineNumber":66},{"declaringClass":"io.cucumber.core.runner.PickleStepDefinitionMatch","methodName":"runStep","fileName":"PickleStepDefinitionMatch.java","lineNumber":63},{"declaringClass":"io.cucumber.core.runner.TestStep","methodName":"executeStep","fileName":"TestStep.java","lineNumber":84},{"declaringClass":"io.cucumber.core.runner.TestStep","methodName":"run","fileName":"TestStep.java","lineNumber":56},{"declaringClass":"io.cucumber.core.runner.PickleStepTestStep","methodName":"run","fileName":"PickleStepTestStep.java","lineNumber":51},{"declaringClass":"io.cucumber.core.runner.TestCase","methodName":"run","fileName":"TestCase.java","lineNumber":84},{"declaringClass":"io.cucumber.core.runner.Runner","methodName":"runPickle","fileName":"Runner.java","lineNumber":75},{"declaringClass":"io.cucumber.core.runtime.CucumberExecutionContext","methodName":"lambda$runTestCase$5","fileName":"CucumberExecutionContext.java","lineNumber":130},{"declaringClass":"io.cucumber.core.runtime.RethrowingThrowableCollector","methodName":"executeAndThrow","fileName":"RethrowingThrowableCollector.java","lineNumber":23},{"declaringClass":"io.cucumber.core.runtime.CucumberExecutionContext","methodName":"runTestCase","fileName":"CucumberExecutionContext.java","lineNumber":130},{"declaringClass":"io.cucumber.junit.FeatureRunner","methodName":"runChild","fileName":"FeatureRunner.java","lineNumber":144},{"declaringClass":"io.cucumber.junit.FeatureRunner","methodName":"runChild","fileName":"FeatureRunner.java","lineNumber":28},{"declaringClass":"io.cucumber.junit.FeatureRunner","methodName":"run","fileName":"FeatureRunner.java","lineNumber":137},{"declaringClass":"io.cucumber.junit.CucumberSerenityRunner","methodName":"runChild","fileName":"CucumberSerenityRunner.java","lineNumber":259},{"declaringClass":"io.cucumber.junit.CucumberSerenityRunner","methodName":"runChild","fileName":"CucumberSerenityRunner.java","lineNumber":59}],"rootCause":{"errorType":"org.openqa.selenium.TimeoutException","message":"Expected condition failed: waiting for By.xpath: //span[contains(text(),\u0027Login\u0027)]] to be enabled (tried for 5 second(s) with 100 milliseconds interval)","stackTrace":[{"declaringClass":"support.StepLoginRequiredPage","methodName":"blankclickLogin","fileName":"StepLoginRequiredPage.java","lineNumber":24},{"declaringClass":"StepDefinition.LoginPageDefinitions","methodName":"user_will_passowrd","fileName":"LoginPageDefinitions.java","lineNumber":96},{"declaringClass":"io.cucumber.java.Invoker","methodName":"doInvoke","fileName":"Invoker.java","lineNumber":66},{"declaringClass":"io.cucumber.java.Invoker","methodName":"invoke","fileName":"Invoker.java","lineNumber":24},{"declaringClass":"io.cucumber.java.AbstractGlueDefinition","methodName":"invokeMethod","fileName":"AbstractGlueDefinition.java","lineNumber":47},{"declaringClass":"io.cucumber.java.JavaStepDefinition","methodName":"execute","fileName":"JavaStepDefinition.java","lineNumber":29},{"declaringClass":"io.cucumber.core.runner.CoreStepDefinition","methodName":"execute","fileName":"CoreStepDefinition.java","lineNumber":66},{"declaringClass":"io.cucumber.core.runner.PickleStepDefinitionMatch","methodName":"runStep","fileName":"PickleStepDefinitionMatch.java","lineNumber":63},{"declaringClass":"io.cucumber.core.runner.TestStep","methodName":"executeStep","fileName":"TestStep.java","lineNumber":84},{"declaringClass":"io.cucumber.core.runner.TestStep","methodName":"run","fileName":"TestStep.java","lineNumber":56},{"declaringClass":"io.cucumber.core.runner.PickleStepTestStep","methodName":"run","fileName":"PickleStepTestStep.java","lineNumber":51},{"declaringClass":"io.cucumber.core.runner.TestCase","methodName":"run","fileName":"TestCase.java","lineNumber":84},{"declaringClass":"io.cucumber.core.runner.Runner","methodName":"runPickle","fileName":"Runner.java","lineNumber":75},{"declaringClass":"io.cucumber.core.runtime.CucumberExecutionContext","methodName":"lambda$runTestCase$5","fileName":"CucumberExecutionContext.java","lineNumber":130},{"declaringClass":"io.cucumber.core.runtime.RethrowingThrowableCollector","methodName":"executeAndThrow","fileName":"RethrowingThrowableCollector.java","lineNumber":23},{"declaringClass":"io.cucumber.core.runtime.CucumberExecutionContext","methodName":"runTestCase","fileName":"CucumberExecutionContext.java","lineNumber":130},{"declaringClass":"io.cucumber.junit.FeatureRunner","methodName":"runChild","fileName":"FeatureRunner.java","lineNumber":144},{"declaringClass":"io.cucumber.junit.FeatureRunner","methodName":"runChild","fileName":"FeatureRunner.java","lineNumber":28},{"declaringClass":"io.cucumber.junit.FeatureRunner","methodName":"run","fileName":"FeatureRunner.java","lineNumber":137},{"declaringClass":"io.cucumber.junit.CucumberSerenityRunner","methodName":"runChild","fileName":"CucumberSerenityRunner.java","lineNumber":259},{"declaringClass":"io.cucumber.junit.CucumberSerenityRunner","methodName":"runChild","fileName":"CucumberSerenityRunner.java","lineNumber":59}],"rootCause":{"errorType":"org.openqa.selenium.InvalidSelectorException","message":"invalid selector: Unable to locate an element with the xpath expression //span[contains(text(),\u0027Login\u0027)]] because of the following error:\nSyntaxError: Failed to execute \u0027evaluate\u0027 on \u0027Document\u0027: The string \u0027//span[contains(text(),\u0027Login\u0027)]]\u0027 is not a valid XPath expression.\n  (Session info: chrome\u003d111.0.5563.111)\nFor documentation on this error, please visit: https://selenium.dev/exceptions/#invalid_selector_exception\nBuild info: version: \u00274.8.0\u0027, revision: \u0027267030adea\u0027\nSystem info: os.name: \u0027Windows 10\u0027, os.arch: \u0027amd64\u0027, os.version: \u002710.0\u0027, java.version: \u002711.0.18\u0027\nDriver info: org.openqa.selenium.chrome.ChromeDriver\nCommand: [f86cdbbd433710415e36794c323fc9f2, findElement {using\u003dxpath, value\u003d//span[contains(text(),\u0027Login\u0027)]]}]\nCapabilities {acceptInsecureCerts: true, browserName: chrome, browserVersion: 111.0.5563.111, chrome: {chromedriverVersion: 111.0.5563.64 (c710e93d5b63..., userDataDir: C:\\Users\\KARAN~1.PRA\\AppDat...}, goog:chromeOptions: {debuggerAddress: localhost:58131}, networkConnectionEnabled: false, pageLoadStrategy: normal, platformName: WINDOWS, proxy: Proxy(), se:cdp: ws://localhost:58131/devtoo..., se:cdpVersion: 111.0.5563.111, setWindowRect: true, strictFileInteractability: false, timeouts: {implicit: 0, pageLoad: 300000, script: 30000}, unhandledPromptBehavior: dismiss and notify, webauthn:extension:credBlob: true, webauthn:extension:largeBlob: true, webauthn:extension:minPinLength: true, webauthn:extension:prf: true, webauthn:virtualAuthenticators: true}\nSession ID: f86cdbbd433710415e36794c323fc9f2","stackTrace":[{"declaringClass":"support.StepLoginRequiredPage","methodName":"blankclickLogin","fileName":"StepLoginRequiredPage.java","lineNumber":24},{"declaringClass":"StepDefinition.LoginPageDefinitions","methodName":"user_will_passowrd","fileName":"LoginPageDefinitions.java","lineNumber":96},{"declaringClass":"io.cucumber.java.Invoker","methodName":"doInvoke","fileName":"Invoker.java","lineNumber":66},{"declaringClass":"io.cucumber.java.Invoker","methodName":"invoke","fileName":"Invoker.java","lineNumber":24},{"declaringClass":"io.cucumber.java.AbstractGlueDefinition","methodName":"invokeMethod","fileName":"AbstractGlueDefinition.java","lineNumber":47},{"declaringClass":"io.cucumber.java.JavaStepDefinition","methodName":"execute","fileName":"JavaStepDefinition.java","lineNumber":29},{"declaringClass":"io.cucumber.core.runner.CoreStepDefinition","methodName":"execute","fileName":"CoreStepDefinition.java","lineNumber":66},{"declaringClass":"io.cucumber.core.runner.PickleStepDefinitionMatch","methodName":"runStep","fileName":"PickleStepDefinitionMatch.java","lineNumber":63},{"declaringClass":"io.cucumber.core.runner.TestStep","methodName":"executeStep","fileName":"TestStep.java","lineNumber":84},{"declaringClass":"io.cucumber.core.runner.TestStep","methodName":"run","fileName":"TestStep.java","lineNumber":56},{"declaringClass":"io.cucumber.core.runner.PickleStepTestStep","methodName":"run","fileName":"PickleStepTestStep.java","lineNumber":51},{"declaringClass":"io.cucumber.core.runner.TestCase","methodName":"run","fileName":"TestCase.java","lineNumber":84},{"declaringClass":"io.cucumber.core.runner.Runner","methodName":"runPickle","fileName":"Runner.java","lineNumber":75},{"declaringClass":"io.cucumber.core.runtime.CucumberExecutionContext","methodName":"lambda$runTestCase$5","fileName":"CucumberExecutionContext.java","lineNumber":130},{"declaringClass":"io.cucumber.core.runtime.RethrowingThrowableCollector","methodName":"executeAndThrow","fileName":"RethrowingThrowableCollector.java","lineNumber":23},{"declaringClass":"io.cucumber.core.runtime.CucumberExecutionContext","methodName":"runTestCase","fileName":"CucumberExecutionContext.java","lineNumber":130},{"declaringClass":"io.cucumber.junit.FeatureRunner","methodName":"runChild","fileName":"FeatureRunner.java","lineNumber":144},{"declaringClass":"io.cucumber.junit.FeatureRunner","methodName":"runChild","fileName":"FeatureRunner.java","lineNumber":28},{"declaringClass":"io.cucumber.junit.FeatureRunner","methodName":"run","fileName":"FeatureRunner.java","lineNumber":137},{"declaringClass":"io.cucumber.junit.CucumberSerenityRunner","methodName":"runChild","fileName":"CucumberSerenityRunner.java","lineNumber":259},{"declaringClass":"io.cucumber.junit.CucumberSerenityRunner","methodName":"runChild","fileName":"CucumberSerenityRunner.java","lineNumber":59}]}}},"result":"FAILURE","precondition":false,"level":2},{"number":24,"description":"Then User will get errors \"Admin\" and \"111\"","duration":13,"startTime":"2023-03-25T12:34:26.966078700+05:30[Asia/Calcutta]","result":"SKIPPED","precondition":false,"level":2}]}]}],"userStory":{"id":"login-to-srk","storyName":"Login to SRK","displayName":"Login to SRK","path":"file:///C:/Users/Karan.Prajapati/Downloads/SerinityDemo%20(2)/Exam2503/src/test/resources/Features/Login.feature","type":"feature","qualifiedTag":{"name":"Login to SRK","type":"feature","displayName":"Login to SRK"}},"featureTag":{"name":"Login to SRK","type":"feature","displayName":"Login to SRK"},"title":"Login with Blank Credentials","description":"","tags":[{"name":"RequiredError","type":"tag","displayName":"RequiredError"},{"name":"Login to SRK","type":"feature","displayName":"Login to SRK"}],"allTags":[{"name":"RequiredError","type":"tag","displayName":"RequiredError"},{"name":"Login to SRK","type":"feature","displayName":"Login to SRK"}],"startTime":"2023-03-25T12:33:24.575920800+05:30[Asia/Calcutta]","duration":26315,"testFailureCause":{"errorType":"net.thucydides.core.webdriver.exceptions.ElementShouldBeEnabledException","message":"Expected enabled element was not enabled","stackTrace":[{"declaringClass":"support.StepLoginRequiredPage","methodName":"blankclickLogin","fileName":"StepLoginRequiredPage.java","lineNumber":24},{"declaringClass":"StepDefinition.LoginPageDefinitions","methodName":"user_will_passowrd","fileName":"LoginPageDefinitions.java","lineNumber":96},{"declaringClass":"✽","methodName":"User will enters Pass as \"111\"","fileName":"file:///C:/Users/Karan.Prajapati/Downloads/SerinityDemo%20(2)/Exam2503/src/test/resources/Features/Login.feature","lineNumber":27}],"rootCause":{"errorType":"org.openqa.selenium.TimeoutException","message":"Expected condition failed: waiting for By.xpath: //span[contains(text(),\u0027Login\u0027)]] to be enabled (tried for 5 second(s) with 100 milliseconds interval)","stackTrace":[{"declaringClass":"support.StepLoginRequiredPage","methodName":"blankclickLogin","fileName":"StepLoginRequiredPage.java","lineNumber":24},{"declaringClass":"StepDefinition.LoginPageDefinitions","methodName":"user_will_passowrd","fileName":"LoginPageDefinitions.java","lineNumber":96},{"declaringClass":"io.cucumber.java.Invoker","methodName":"doInvoke","fileName":"Invoker.java","lineNumber":66},{"declaringClass":"io.cucumber.java.Invoker","methodName":"invoke","fileName":"Invoker.java","lineNumber":24},{"declaringClass":"io.cucumber.java.AbstractGlueDefinition","methodName":"invokeMethod","fileName":"AbstractGlueDefinition.java","lineNumber":47},{"declaringClass":"io.cucumber.java.JavaStepDefinition","methodName":"execute","fileName":"JavaStepDefinition.java","lineNumber":29},{"declaringClass":"io.cucumber.core.runner.CoreStepDefinition","methodName":"execute","fileName":"CoreStepDefinition.java","lineNumber":66},{"declaringClass":"io.cucumber.core.runner.PickleStepDefinitionMatch","methodName":"runStep","fileName":"PickleStepDefinitionMatch.java","lineNumber":63},{"declaringClass":"io.cucumber.core.runner.TestStep","methodName":"executeStep","fileName":"TestStep.java","lineNumber":84},{"declaringClass":"io.cucumber.core.runner.TestStep","methodName":"run","fileName":"TestStep.java","lineNumber":56},{"declaringClass":"io.cucumber.core.runner.PickleStepTestStep","methodName":"run","fileName":"PickleStepTestStep.java","lineNumber":51},{"declaringClass":"io.cucumber.core.runner.TestCase","methodName":"run","fileName":"TestCase.java","lineNumber":84},{"declaringClass":"io.cucumber.core.runner.Runner","methodName":"runPickle","fileName":"Runner.java","lineNumber":75},{"declaringClass":"io.cucumber.core.runtime.CucumberExecutionContext","methodName":"lambda$runTestCase$5","fileName":"CucumberExecutionContext.java","lineNumber":130},{"declaringClass":"io.cucumber.core.runtime.RethrowingThrowableCollector","methodName":"executeAndThrow","fileName":"RethrowingThrowableCollector.java","lineNumber":23},{"declaringClass":"io.cucumber.core.runtime.CucumberExecutionContext","methodName":"runTestCase","fileName":"CucumberExecutionContext.java","lineNumber":130},{"declaringClass":"io.cucumber.junit.FeatureRunner","methodName":"runChild","fileName":"FeatureRunner.java","lineNumber":144},{"declaringClass":"io.cucumber.junit.FeatureRunner","methodName":"runChild","fileName":"FeatureRunner.java","lineNumber":28},{"declaringClass":"io.cucumber.junit.FeatureRunner","methodName":"run","fileName":"FeatureRunner.java","lineNumber":137},{"declaringClass":"io.cucumber.junit.CucumberSerenityRunner","methodName":"runChild","fileName":"CucumberSerenityRunner.java","lineNumber":259},{"declaringClass":"io.cucumber.junit.CucumberSerenityRunner","methodName":"runChild","fileName":"CucumberSerenityRunner.java","lineNumber":59}],"rootCause":{"errorType":"org.openqa.selenium.InvalidSelectorException","message":"invalid selector: Unable to locate an element with the xpath expression //span[contains(text(),\u0027Login\u0027)]] because of the following error:\nSyntaxError: Failed to execute \u0027evaluate\u0027 on \u0027Document\u0027: The string \u0027//span[contains(text(),\u0027Login\u0027)]]\u0027 is not a valid XPath expression.\n  (Session info: chrome\u003d111.0.5563.111)\nFor documentation on this error, please visit: https://selenium.dev/exceptions/#invalid_selector_exception\nBuild info: version: \u00274.8.0\u0027, revision: \u0027267030adea\u0027\nSystem info: os.name: \u0027Windows 10\u0027, os.arch: \u0027amd64\u0027, os.version: \u002710.0\u0027, java.version: \u002711.0.18\u0027\nDriver info: org.openqa.selenium.chrome.ChromeDriver\nCommand: [f86cdbbd433710415e36794c323fc9f2, findElement {using\u003dxpath, value\u003d//span[contains(text(),\u0027Login\u0027)]]}]\nCapabilities {acceptInsecureCerts: true, browserName: chrome, browserVersion: 111.0.5563.111, chrome: {chromedriverVersion: 111.0.5563.64 (c710e93d5b63..., userDataDir: C:\\Users\\KARAN~1.PRA\\AppDat...}, goog:chromeOptions: {debuggerAddress: localhost:58131}, networkConnectionEnabled: false, pageLoadStrategy: normal, platformName: WINDOWS, proxy: Proxy(), se:cdp: ws://localhost:58131/devtoo..., se:cdpVersion: 111.0.5563.111, setWindowRect: true, strictFileInteractability: false, timeouts: {implicit: 0, pageLoad: 300000, script: 30000}, unhandledPromptBehavior: dismiss and notify, webauthn:extension:credBlob: true, webauthn:extension:largeBlob: true, webauthn:extension:minPinLength: true, webauthn:extension:prf: true, webauthn:virtualAuthenticators: true}\nSession ID: f86cdbbd433710415e36794c323fc9f2","stackTrace":[{"declaringClass":"support.StepLoginRequiredPage","methodName":"blankclickLogin","fileName":"StepLoginRequiredPage.java","lineNumber":24},{"declaringClass":"StepDefinition.LoginPageDefinitions","methodName":"user_will_passowrd","fileName":"LoginPageDefinitions.java","lineNumber":96},{"declaringClass":"io.cucumber.java.Invoker","methodName":"doInvoke","fileName":"Invoker.java","lineNumber":66},{"declaringClass":"io.cucumber.java.Invoker","methodName":"invoke","fileName":"Invoker.java","lineNumber":24},{"declaringClass":"io.cucumber.java.AbstractGlueDefinition","methodName":"invokeMethod","fileName":"AbstractGlueDefinition.java","lineNumber":47},{"declaringClass":"io.cucumber.java.JavaStepDefinition","methodName":"execute","fileName":"JavaStepDefinition.java","lineNumber":29},{"declaringClass":"io.cucumber.core.runner.CoreStepDefinition","methodName":"execute","fileName":"CoreStepDefinition.java","lineNumber":66},{"declaringClass":"io.cucumber.core.runner.PickleStepDefinitionMatch","methodName":"runStep","fileName":"PickleStepDefinitionMatch.java","lineNumber":63},{"declaringClass":"io.cucumber.core.runner.TestStep","methodName":"executeStep","fileName":"TestStep.java","lineNumber":84},{"declaringClass":"io.cucumber.core.runner.TestStep","methodName":"run","fileName":"TestStep.java","lineNumber":56},{"declaringClass":"io.cucumber.core.runner.PickleStepTestStep","methodName":"run","fileName":"PickleStepTestStep.java","lineNumber":51},{"declaringClass":"io.cucumber.core.runner.TestCase","methodName":"run","fileName":"TestCase.java","lineNumber":84},{"declaringClass":"io.cucumber.core.runner.Runner","methodName":"runPickle","fileName":"Runner.java","lineNumber":75},{"declaringClass":"io.cucumber.core.runtime.CucumberExecutionContext","methodName":"lambda$runTestCase$5","fileName":"CucumberExecutionContext.java","lineNumber":130},{"declaringClass":"io.cucumber.core.runtime.RethrowingThrowableCollector","methodName":"executeAndThrow","fileName":"RethrowingThrowableCollector.java","lineNumber":23},{"declaringClass":"io.cucumber.core.runtime.CucumberExecutionContext","methodName":"runTestCase","fileName":"CucumberExecutionContext.java","lineNumber":130},{"declaringClass":"io.cucumber.junit.FeatureRunner","methodName":"runChild","fileName":"FeatureRunner.java","lineNumber":144},{"declaringClass":"io.cucumber.junit.FeatureRunner","methodName":"runChild","fileName":"FeatureRunner.java","lineNumber":28},{"declaringClass":"io.cucumber.junit.FeatureRunner","methodName":"run","fileName":"FeatureRunner.java","lineNumber":137},{"declaringClass":"io.cucumber.junit.CucumberSerenityRunner","methodName":"runChild","fileName":"CucumberSerenityRunner.java","lineNumber":259},{"declaringClass":"io.cucumber.junit.CucumberSerenityRunner","methodName":"runChild","fileName":"CucumberSerenityRunner.java","lineNumber":59}]}}},"testFailureClassname":"net.thucydides.core.webdriver.exceptions.ElementShouldBeEnabledException","testFailureMessage":"Expected enabled element was not enabled","testFailureSummary":"FAILURE;net.thucydides.core.webdriver.exceptions.ElementShouldBeEnabledException;Expected enabled element was not enabled;StepLoginRequiredPage.java","projectKey":"","annotatedResult":"FAILURE","driver":"chrome","isManualTestingUpToDate":false,"context":"chrome,windows","dataTable":{"headers":["username_blank","password_blank"],"rows":[{"values":["ppd","123"],"lineNumber":31,"result":"FAILURE"},{"values":["123","admin123"],"lineNumber":32,"result":"FAILURE"},{"values":["Admin","111"],"lineNumber":33,"result":"FAILURE"}],"predefinedRows":true,"scenarioOutline":"Given User will get on this Homepage\n\rWhen User will enters name as \"\u003cusername_blank\u003e\"\n\rAnd User will enters Pass as \"\u003cpassword_blank\u003e\"\n\rThen User will get errors \"\u003cusername_blank\u003e\" and \"\u003cpassword_blank\u003e\"\n\r","dataSetDescriptors":[{"startRow":0,"rowCount":0,"name":"","description":""}]},"manual":false,"testSource":"Cucumber","result":"FAILURE","scenarioOutline":"Given User will get on this Homepage\r\nWhen User will enters name as \"\u003cusername_blank\u003e\"\r\nAnd User will enters Pass as \"\u003cpassword_blank\u003e\"\r\nThen User will get errors \"\u003cusername_blank\u003e\" and \"\u003cpassword_blank\u003e\""}